{
  "RSpec": {
    "coverage": {
      "/Users/tywest/Projects/code_challenges/robot_sports_league/spec/features/visitor/vistor_creates_a_team_spec.rb": [
        1,
        null,
        1,
        1,
        1,
        1,
        1,
        1,
        null,
        1,
        null,
        1,
        null,
        1,
        1,
        null,
        null,
        1,
        null,
        1,
        1,
        1,
        1,
        null,
        1,
        null,
        1,
        null,
        1,
        1,
        1,
        null,
        null
      ],
      "/Users/tywest/Projects/code_challenges/robot_sports_league/spec/features/visitor/vistor_visits_home_page_spec.rb": [
        1,
        null,
        1,
        1,
        1,
        null,
        1,
        1,
        1,
        1,
        1,
        1,
        null,
        null
      ],
      "/Users/tywest/Projects/code_challenges/robot_sports_league/spec/models/player_spec.rb": [
        1,
        null,
        1,
        1,
        2,
        null,
        null,
        1,
        1,
        1,
        1,
        null,
        null,
        1,
        1,
        null,
        null,
        null
      ],
      "/Users/tywest/Projects/code_challenges/robot_sports_league/app/models/player.rb": [
        1,
        1,
        null,
        1,
        1,
        null,
        1,
        1,
        null,
        1,
        0,
        null,
        null,
        null,
        1,
        1,
        2,
        null,
        null
      ],
      "/Users/tywest/Projects/code_challenges/robot_sports_league/app/models/application_record.rb": [
        1,
        1,
        null
      ],
      "/Users/tywest/Projects/code_challenges/robot_sports_league/spec/models/team_spec.rb": [
        1,
        null,
        1,
        null
      ],
      "/Users/tywest/Projects/code_challenges/robot_sports_league/app/models/team.rb": [
        1,
        1,
        null,
        1,
        1,
        1,
        1,
        null,
        null
      ],
      "/Users/tywest/Projects/code_challenges/robot_sports_league/app/controllers/welcome_controller.rb": [
        1,
        1,
        null,
        null
      ],
      "/Users/tywest/Projects/code_challenges/robot_sports_league/app/controllers/application_controller.rb": [
        1,
        1,
        null,
        1,
        14,
        null,
        null
      ],
      "/Users/tywest/Projects/code_challenges/robot_sports_league/app/controllers/sessions_controller.rb": [
        1,
        1,
        1,
        null,
        null,
        1,
        1,
        1,
        1,
        1,
        null,
        0,
        0,
        null,
        null,
        null,
        1,
        0,
        0,
        null,
        null
      ],
      "/Users/tywest/Projects/code_challenges/robot_sports_league/app/controllers/teams_controller.rb": [
        1,
        null,
        1,
        1,
        null,
        null,
        1,
        2,
        null,
        null,
        1,
        1,
        1,
        1,
        1,
        null,
        0,
        0,
        null,
        null,
        null,
        1,
        null,
        1,
        1,
        null,
        null,
        null
      ]
    },
    "timestamp": 1554677596
  }
}
